EDA Netlist Writer report for nios_II
Sun Feb 21 17:19:20 2016
Quartus Prime Version 15.1.1 Build 189 12/02/2015 SJ Lite Edition


---------------------
; Table of Contents ;
---------------------
  1. Legal Notice
  2. EDA Netlist Writer Summary
  3. Simulation Settings
  4. Simulation Generated Files
  5. EDA Netlist Writer Messages



----------------
; Legal Notice ;
----------------
Copyright (C) 1991-2015 Altera Corporation. All rights reserved.
Your use of Altera Corporation's design tools, logic functions 
and other software and tools, and its AMPP partner logic 
functions, and any output files from any of the foregoing 
(including device programming or simulation files), and any 
associated documentation or information are expressly subject 
to the terms and conditions of the Altera Program License 
Subscription Agreement, the Altera Quartus Prime License Agreement,
the Altera MegaCore Function License Agreement, or other 
applicable license agreement, including, without limitation, 
that your use is for the sole purpose of programming logic 
devices manufactured by Altera and sold by Altera or its 
authorized distributors.  Please refer to the applicable 
agreement for further details.



+-------------------------------------------------------------------+
; EDA Netlist Writer Summary                                        ;
+---------------------------+---------------------------------------+
; EDA Netlist Writer Status ; Successful - Sun Feb 21 17:19:20 2016 ;
; Revision Name             ; nios_II                               ;
; Top-level Entity Name     ; nios_II                               ;
; Family                    ; Cyclone IV E                          ;
; Simulation Files Creation ; Successful                            ;
+---------------------------+---------------------------------------+


+-------------------------------------------------------------------------------------------------------------------------------+
; Simulation Settings                                                                                                           ;
+---------------------------------------------------------------------------------------------------+---------------------------+
; Option                                                                                            ; Setting                   ;
+---------------------------------------------------------------------------------------------------+---------------------------+
; Tool Name                                                                                         ; ModelSim-Altera (Verilog) ;
; Generate netlist for functional simulation only                                                   ; Off                       ;
; Time scale                                                                                        ; 1 ps                      ;
; Truncate long hierarchy paths                                                                     ; Off                       ;
; Map illegal HDL characters                                                                        ; Off                       ;
; Flatten buses into individual nodes                                                               ; Off                       ;
; Maintain hierarchy                                                                                ; Off                       ;
; Bring out device-wide set/reset signals as ports                                                  ; Off                       ;
; Enable glitch filtering                                                                           ; Off                       ;
; Do not write top level VHDL entity                                                                ; Off                       ;
; Disable detection of setup and hold time violations in the input registers of bi-directional pins ; Off                       ;
; Architecture name in VHDL output netlist                                                          ; structure                 ;
; Generate third-party EDA tool command script for RTL functional simulation                        ; Off                       ;
; Generate third-party EDA tool command script for gate-level simulation                            ; Off                       ;
+---------------------------------------------------------------------------------------------------+---------------------------+


+----------------------------------------------------------------------------------------------------------------------------+
; Simulation Generated Files                                                                                                 ;
+----------------------------------------------------------------------------------------------------------------------------+
; Generated Files                                                                                                            ;
+----------------------------------------------------------------------------------------------------------------------------+
; E:/projects/prj_fpga_altera/prj_VE-EP4CE10E/EP4CE10E/sourse/nios_II/simulation/modelsim/nios_II_7_1200mv_100c_slow.vo      ;
; E:/projects/prj_fpga_altera/prj_VE-EP4CE10E/EP4CE10E/sourse/nios_II/simulation/modelsim/nios_II_7_1200mv_-40c_slow.vo      ;
; E:/projects/prj_fpga_altera/prj_VE-EP4CE10E/EP4CE10E/sourse/nios_II/simulation/modelsim/nios_II_min_1200mv_-40c_fast.vo    ;
; E:/projects/prj_fpga_altera/prj_VE-EP4CE10E/EP4CE10E/sourse/nios_II/simulation/modelsim/nios_II.vo                         ;
; E:/projects/prj_fpga_altera/prj_VE-EP4CE10E/EP4CE10E/sourse/nios_II/simulation/modelsim/nios_II_7_1200mv_100c_v_slow.sdo   ;
; E:/projects/prj_fpga_altera/prj_VE-EP4CE10E/EP4CE10E/sourse/nios_II/simulation/modelsim/nios_II_7_1200mv_-40c_v_slow.sdo   ;
; E:/projects/prj_fpga_altera/prj_VE-EP4CE10E/EP4CE10E/sourse/nios_II/simulation/modelsim/nios_II_min_1200mv_-40c_v_fast.sdo ;
; E:/projects/prj_fpga_altera/prj_VE-EP4CE10E/EP4CE10E/sourse/nios_II/simulation/modelsim/nios_II_v.sdo                      ;
+----------------------------------------------------------------------------------------------------------------------------+


+-----------------------------+
; EDA Netlist Writer Messages ;
+-----------------------------+
Info: *******************************************************************
Info: Running Quartus Prime EDA Netlist Writer
    Info: Version 15.1.1 Build 189 12/02/2015 SJ Lite Edition
    Info: Processing started: Sun Feb 21 17:19:16 2016
Info: Command: quartus_eda --read_settings_files=off --write_settings_files=off nios_II -c nios_II
Info (204019): Generated file nios_II_7_1200mv_100c_slow.vo in folder "E:/projects/prj_fpga_altera/prj_VE-EP4CE10E/EP4CE10E/sourse/nios_II/simulation/modelsim/" for EDA simulation tool
Info (204019): Generated file nios_II_7_1200mv_-40c_slow.vo in folder "E:/projects/prj_fpga_altera/prj_VE-EP4CE10E/EP4CE10E/sourse/nios_II/simulation/modelsim/" for EDA simulation tool
Info (204019): Generated file nios_II_min_1200mv_-40c_fast.vo in folder "E:/projects/prj_fpga_altera/prj_VE-EP4CE10E/EP4CE10E/sourse/nios_II/simulation/modelsim/" for EDA simulation tool
Info (204019): Generated file nios_II.vo in folder "E:/projects/prj_fpga_altera/prj_VE-EP4CE10E/EP4CE10E/sourse/nios_II/simulation/modelsim/" for EDA simulation tool
Info (204019): Generated file nios_II_7_1200mv_100c_v_slow.sdo in folder "E:/projects/prj_fpga_altera/prj_VE-EP4CE10E/EP4CE10E/sourse/nios_II/simulation/modelsim/" for EDA simulation tool
Info (204019): Generated file nios_II_7_1200mv_-40c_v_slow.sdo in folder "E:/projects/prj_fpga_altera/prj_VE-EP4CE10E/EP4CE10E/sourse/nios_II/simulation/modelsim/" for EDA simulation tool
Info (204019): Generated file nios_II_min_1200mv_-40c_v_fast.sdo in folder "E:/projects/prj_fpga_altera/prj_VE-EP4CE10E/EP4CE10E/sourse/nios_II/simulation/modelsim/" for EDA simulation tool
Info (204019): Generated file nios_II_v.sdo in folder "E:/projects/prj_fpga_altera/prj_VE-EP4CE10E/EP4CE10E/sourse/nios_II/simulation/modelsim/" for EDA simulation tool
Info: Quartus Prime EDA Netlist Writer was successful. 0 errors, 0 warnings
    Info: Peak virtual memory: 747 megabytes
    Info: Processing ended: Sun Feb 21 17:19:20 2016
    Info: Elapsed time: 00:00:04
    Info: Total CPU time (on all processors): 00:00:04


